<?xml version="1.0" encoding="UTF-8"?>
<!-- Generated by org.testng.reporters.JUnitReportReporter -->
<testsuite hostname="AnwarArifa" name="Scenario_Component.Scenario_Search" tests="2" failures="0" timestamp="22 Jan 2017 04:47:07 GMT" time="104.854" errors="0">
  <testcase name="testInvalidSearch" time="51.106" classname="Scenario_Component.Scenario_Search"/>
  <testcase name="testInvalidSearch" time="53.748" classname="Scenario_Component.Scenario_Search"/>
</testsuite> <!-- Scenario_Component.Scenario_Search -->
